Removed Member From Class: ClassName=SchematicAPD Member=R?
Change Component Comment : Designator=IC? Old Comment=REG103UA-3.3/2K5  New Comment=REG103UA-3.3/2K5
Change Component Comment : Designator=IC? Old Comment=REG103UA-5/2K5  New Comment=REG103UA-5/2K5
Added Component: Designator=J?(RHDR14W79P0X254_1X14_3607X241X851P)
Add component (AddParameter): Name = "Arrow Part Number"; Value = "SSW-114-01-G-S"; VariantName = "[No Variations]"
Add component (AddParameter): Name = "Arrow Price/Stock"; Value = "https://www.arrow.com/en/products/ssw-114-01-g-s/samtec"; VariantName = "[No Variations]"
Add component (AddParameter): Name = "Datasheet Link"; Value = "https://eu.mouser.com/datasheet/2/527/ssw_th-1507658.pdf"; VariantName = "[No Variations]"
Add component (AddParameter): Name = "Height"; Value = "8.51mm"; VariantName = "[No Variations]"
Add component (AddParameter): Name = "Manufacturer_Name"; Value = "SAMTEC"; VariantName = "[No Variations]"
Add component (AddParameter): Name = "Manufacturer_Part_Number"; Value = "SSW-114-01-G-S"; VariantName = "[No Variations]"
Add component (AddParameter): Name = "Mouser Part Number"; Value = "200-SSW11401GS"; VariantName = "[No Variations]"
Add component (AddParameter): Name = "Mouser Price/Stock"; Value = "https://www.mouser.co.uk/ProductDetail/Samtec/SSW-114-01-G-S?qs=FESYatJ8odJdl4aGY%2FwgtQ%3D%3D"; VariantName = "[No Variations]"
Added Component: Designator=J?(RHDR14W79P0X254_1X14_3607X241X851P)
Add component (AddParameter): Name = "Arrow Part Number"; Value = "SSW-114-01-G-S"; VariantName = "[No Variations]"
Add component (AddParameter): Name = "Arrow Price/Stock"; Value = "https://www.arrow.com/en/products/ssw-114-01-g-s/samtec"; VariantName = "[No Variations]"
Add component (AddParameter): Name = "Datasheet Link"; Value = "https://eu.mouser.com/datasheet/2/527/ssw_th-1507658.pdf"; VariantName = "[No Variations]"
Add component (AddParameter): Name = "Height"; Value = "8.51mm"; VariantName = "[No Variations]"
Add component (AddParameter): Name = "Manufacturer_Name"; Value = "SAMTEC"; VariantName = "[No Variations]"
Add component (AddParameter): Name = "Manufacturer_Part_Number"; Value = "SSW-114-01-G-S"; VariantName = "[No Variations]"
Add component (AddParameter): Name = "Mouser Part Number"; Value = "200-SSW11401GS"; VariantName = "[No Variations]"
Add component (AddParameter): Name = "Mouser Price/Stock"; Value = "https://www.mouser.co.uk/ProductDetail/Samtec/SSW-114-01-G-S?qs=FESYatJ8odJdl4aGY%2FwgtQ%3D%3D"; VariantName = "[No Variations]"
Change Class Name : Old Net Name=SchematicAPD New Net Name=Power
Added Class: Name=LCD
Added Class: Name=PIC
Added Member To Class: ClassName=Power Member=Component C? Cap
Added Member To Class: ClassName=Power Member=Component C? Cap
Added Member To Class: ClassName=Power Member=Component C? Cap
Added Member To Class: ClassName=Power Member=Component C? Cap
Added Member To Class: ClassName=Power Member=Component C? Cap
Added Member To Class: ClassName=Power Member=Component IC? REG103UA-5/2K5
Added Member To Class: ClassName=Power Member=Component J? DIP-8
Added Member To Class: ClassName=Power Member=Component J? DIP-8
Added Member To Class: ClassName=Power Member=Component J? USB-B
