Added Component: Designator=IC?(SOIC127P600X175-8N)
Add component (AddParameter): Name = "Arrow Part Number"; Value = "REG103UA-5"; VariantName = "[No Variations]"
Add component (AddParameter): Name = "Arrow Price/Stock"; Value = "https://www.arrow.com/en/products/reg103ua-5/texas-instruments"; VariantName = "[No Variations]"
Add component (AddParameter): Name = "Datasheet Link"; Value = "http://www.ti.com/lit/gpn/reg103"; VariantName = "[No Variations]"
Add component (AddParameter): Name = "Height"; Value = "1.75mm"; VariantName = "[No Variations]"
Add component (AddParameter): Name = "Manufacturer_Name"; Value = "Texas Instruments"; VariantName = "[No Variations]"
Add component (AddParameter): Name = "Manufacturer_Part_Number"; Value = "REG103UA-5"; VariantName = "[No Variations]"
Add component (AddParameter): Name = "Mouser Part Number"; Value = "595-REG103UA-5"; VariantName = "[No Variations]"
Add component (AddParameter): Name = "Mouser Price/Stock"; Value = "https://www.mouser.com/Search/Refine.aspx?Keyword=595-REG103UA-5"; VariantName = "[No Variations]"
Added Component: Designator=IC?(PJ002AH)
Add component (AddParameter): Name = "Arrow Part Number"; Value = "PJ-002AH"; VariantName = "[No Variations]"
Add component (AddParameter): Name = "Arrow Price/Stock"; Value = "https://www.arrow.com/en/products/pj-002ah/cui-devices"; VariantName = "[No Variations]"
Add component (AddParameter): Name = "Datasheet Link"; Value = "https://componentsearchengine.com/Datasheets/1/PJ-002AH.pdf"; VariantName = "[No Variations]"
Add component (AddParameter): Name = "Height"; Value = "11mm"; VariantName = "[No Variations]"
Add component (AddParameter): Name = "Manufacturer_Name"; Value = "CUI Devices"; VariantName = "[No Variations]"
Add component (AddParameter): Name = "Manufacturer_Part_Number"; Value = "PJ-002AH"; VariantName = "[No Variations]"
Add component (AddParameter): Name = "Mouser Part Number"; Value = "490-PJ-002AH"; VariantName = "[No Variations]"
Add component (AddParameter): Name = "Mouser Price/Stock"; Value = "https://www.mouser.co.uk/ProductDetail/CUI-Devices/PJ-002AH?qs=WyjlAZoYn53W8%2FAJwYIf7Q%3D%3D"; VariantName = "[No Variations]"
Added Component: Designator=J?(DIPS762W61P254L1016H525Q8N)
Add component (AddParameter): Name = "Arrow Part Number"; Value = "A 08-LC-TT"; VariantName = "[No Variations]"
Add component (AddParameter): Name = "Arrow Price/Stock"; Value = "https://www.arrow.com/en/products/a08-lc-tt/assmann-wsw-components-inc"; VariantName = "[No Variations]"
Add component (AddParameter): Name = "Datasheet Link"; Value = "http://www.assmann-wsw.com/fileadmin/datasheets/ASS_0810_CO.pdf"; VariantName = "[No Variations]"
Add component (AddParameter): Name = "Height"; Value = "5.25mm"; VariantName = "[No Variations]"
Add component (AddParameter): Name = "Manufacturer_Name"; Value = "ASSMANN WSW components GmbH"; VariantName = "[No Variations]"
Add component (AddParameter): Name = "Manufacturer_Part_Number"; Value = "A 08-LC-TT"; VariantName = "[No Variations]"
Add component (AddParameter): Name = "Mouser Part Number"; Value = ""; VariantName = "[No Variations]"
Add component (AddParameter): Name = "Mouser Price/Stock"; Value = ""; VariantName = "[No Variations]"
Added Component: Designator=J?(USBRBSSOTH)
Add component (AddParameter): Name = "Arrow Part Number"; Value = "USBR-B-S-S-O-TH"; VariantName = "[No Variations]"
Add component (AddParameter): Name = "Arrow Price/Stock"; Value = "https://www.arrow.com/en/products/usbr-b-s-s-o-th/samtec"; VariantName = "[No Variations]"
Add component (AddParameter): Name = "Datasheet Link"; Value = "https://componentsearchengine.com/Datasheets/2/USBR-B-S-S-O-TH.pdf"; VariantName = "[No Variations]"
Add component (AddParameter): Name = "Height"; Value = "11mm"; VariantName = "[No Variations]"
Add component (AddParameter): Name = "Manufacturer_Name"; Value = "SAMTEC"; VariantName = "[No Variations]"
Add component (AddParameter): Name = "Manufacturer_Part_Number"; Value = "USBR-B-S-S-O-TH"; VariantName = "[No Variations]"
Add component (AddParameter): Name = "Mouser Part Number"; Value = "200-USBRBSSOTH"; VariantName = "[No Variations]"
Add component (AddParameter): Name = "Mouser Price/Stock"; Value = "https://www.mouser.co.uk/ProductDetail/Samtec/USBR-B-S-S-O-TH?qs=Sk19l0%2FxcWm4mdmoDSlrBQ%3D%3D"; VariantName = "[No Variations]"
Added Component: Designator=J?(DIPS762W61P254L1016H525Q8N)
Add component (AddParameter): Name = "Arrow Part Number"; Value = "A 08-LC-TT"; VariantName = "[No Variations]"
Add component (AddParameter): Name = "Arrow Price/Stock"; Value = "https://www.arrow.com/en/products/a08-lc-tt/assmann-wsw-components-inc"; VariantName = "[No Variations]"
Add component (AddParameter): Name = "Datasheet Link"; Value = "http://www.assmann-wsw.com/fileadmin/datasheets/ASS_0810_CO.pdf"; VariantName = "[No Variations]"
Add component (AddParameter): Name = "Height"; Value = "5.25mm"; VariantName = "[No Variations]"
Add component (AddParameter): Name = "Manufacturer_Name"; Value = "ASSMANN WSW components GmbH"; VariantName = "[No Variations]"
Add component (AddParameter): Name = "Manufacturer_Part_Number"; Value = "A 08-LC-TT"; VariantName = "[No Variations]"
Add component (AddParameter): Name = "Mouser Part Number"; Value = ""; VariantName = "[No Variations]"
Add component (AddParameter): Name = "Mouser Price/Stock"; Value = ""; VariantName = "[No Variations]"
Added Class: Name=SchematicAPD
Added Room: Name=SchematicAPD
