Added Component: Designator=IC?(SOIC127P1032X265-16N)
Add component (AddParameter): Name = "Arrow Part Number"; Value = "PCF8574AT/3,512"; VariantName = "[No Variations]"
Add component (AddParameter): Name = "Arrow Price/Stock"; Value = "https://www.arrow.com/en/products/pcf8574at3512/nxp-semiconductors"; VariantName = "[No Variations]"
Add component (AddParameter): Name = "Datasheet Link"; Value = "https://www.nxp.com/docs/en/data-sheet/PCF8574_PCF8574A.pdf"; VariantName = "[No Variations]"
Add component (AddParameter): Name = "Height"; Value = "2.65mm"; VariantName = "[No Variations]"
Add component (AddParameter): Name = "Manufacturer_Name"; Value = "Nexperia"; VariantName = "[No Variations]"
Add component (AddParameter): Name = "Manufacturer_Part_Number"; Value = "PCF8574AT/3,512"; VariantName = "[No Variations]"
Add component (AddParameter): Name = "Mouser Part Number"; Value = "771-PCF85AT3512"; VariantName = "[No Variations]"
Add component (AddParameter): Name = "Mouser Price/Stock"; Value = "https://www.mouser.com/Search/Refine.aspx?Keyword=771-PCF85AT3512"; VariantName = "[No Variations]"
Added Component: Designator=R?(AXIAL-0.3)
Add component (AddParameter): Name = "LatestRevisionDate"; Value = "17-Jul-2002"; VariantName = "[No Variations]"
Add component (AddParameter): Name = "LatestRevisionNote"; Value = "Re-released for DXP Platform."; VariantName = "[No Variations]"
Add component (AddParameter): Name = "PackageDescription"; Value = "Axial Device, Thru-Hole; 2 Leads; 0.3 in Pin Spacing"; VariantName = "[No Variations]"
Add component (AddParameter): Name = "PackageReference"; Value = "AXIAL-0.3"; VariantName = "[No Variations]"
Add component (AddParameter): Name = "Published"; Value = "8-Jun-2000"; VariantName = "[No Variations]"
Add component (AddParameter): Name = "Publisher"; Value = "Altium Limited"; VariantName = "[No Variations]"
Add component (AddParameter): Name = "Value"; Value = "330"; VariantName = "[No Variations]"
Added Component: Designator=R?(VR5)
Add component (AddParameter): Name = "LatestRevisionDate"; Value = "17-Jul-2002"; VariantName = "[No Variations]"
Add component (AddParameter): Name = "LatestRevisionNote"; Value = "Re-released for DXP Platform."; VariantName = "[No Variations]"
Add component (AddParameter): Name = "PackageDescription"; Value = "Variable Resistor, Thru-Hole; 3 Leads"; VariantName = "[No Variations]"
Add component (AddParameter): Name = "PackageReference"; Value = "VR5"; VariantName = "[No Variations]"
Add component (AddParameter): Name = "Published"; Value = "8-Jun-2000"; VariantName = "[No Variations]"
Add component (AddParameter): Name = "Publisher"; Value = "Altium Limited"; VariantName = "[No Variations]"
Add component (AddParameter): Name = "Set Position"; Value = "0.5"; VariantName = "[No Variations]"
Add component (AddParameter): Name = "Sim Note"; Value = "Enter the Resistance value and the set point into parameter fields."; VariantName = "[No Variations]"
Add component (AddParameter): Name = "Value"; Value = "10k"; VariantName = "[No Variations]"
Added Pin To Net: NetName=GND Pin=IC?-1
Added Pin To Net: NetName=GND Pin=IC?-2
Added Pin To Net: NetName=GND Pin=IC?-3
Added Pin To Net: NetName=GND Pin=IC?-8
Added Pin To Net: NetName=+5 Pin=IC?-16
Added Pin To Net: NetName=GND Pin=J?-1
Added Pin To Net: NetName=GND Pin=J?-7
Added Pin To Net: NetName=GND Pin=J?-8
Added Pin To Net: NetName=GND Pin=J?-9
Added Pin To Net: NetName=GND Pin=J?-10
Added Pin To Net: NetName=+5 Pin=J?-15
Added Pin To Net: NetName=GND Pin=J?-16
Added Pin To Net: NetName=+5 Pin=R?-1
Added Pin To Net: NetName=GND Pin=R?-1
Added Pin To Net: NetName=+5 Pin=R?-2
Added Pin To Net: NetName=NetIC?_4 Pin=IC?-4
Added Pin To Net: NetName=NetIC?_4 Pin=J?-13
Added Net: Name=NetIC?_4
Added Pin To Net: NetName=NetIC?_5 Pin=IC?-5
Added Pin To Net: NetName=NetIC?_5 Pin=J?-12
Added Net: Name=NetIC?_5
Added Pin To Net: NetName=NetIC?_6 Pin=IC?-6
Added Pin To Net: NetName=NetIC?_6 Pin=J?-11
Added Net: Name=NetIC?_6
Added Pin To Net: NetName=NetIC?_9 Pin=IC?-9
Added Pin To Net: NetName=NetIC?_9 Pin=J?-6
Added Net: Name=NetIC?_9
Added Pin To Net: NetName=NetIC?_10 Pin=IC?-10
Added Pin To Net: NetName=NetIC?_10 Pin=J?-5
Added Net: Name=NetIC?_10
Added Pin To Net: NetName=NetIC?_11 Pin=IC?-11
Added Pin To Net: NetName=NetIC?_11 Pin=J?-4
Added Net: Name=NetIC?_11
Added Pin To Net: NetName=NetIC?_12 Pin=IC?-12
Added Pin To Net: NetName=NetIC?_12 Pin=J?-3
Added Net: Name=NetIC?_12
Added Pin To Net: NetName=NetIC?_14 Pin=IC?-14
Added Net: Name=NetIC?_14
Added Pin To Net: NetName=NetIC?_15 Pin=IC?-15
Added Net: Name=NetIC?_15
Added Pin To Net: NetName=NetJ?_14 Pin=J?-14
Added Pin To Net: NetName=NetJ?_14 Pin=R?-3
Added Net: Name=NetJ?_14
Added Member To Class: ClassName=SchematicAPD Member=Component C? Cap
Added Member To Class: ClassName=SchematicAPD Member=Component C? Cap
Added Member To Class: ClassName=SchematicAPD Member=Component C? Cap
Added Member To Class: ClassName=SchematicAPD Member=Component C? Cap
Added Member To Class: ClassName=SchematicAPD Member=Component C? Cap
Added Member To Class: ClassName=SchematicAPD Member=Component IC? REG103UA-3.3/2K5 
Added Member To Class: ClassName=SchematicAPD Member=Component IC? PCF8574AT_3,512
Added Member To Class: ClassName=SchematicAPD Member=Component J? DIP-8
Added Member To Class: ClassName=SchematicAPD Member=Component J? USB-B
Added Member To Class: ClassName=SchematicAPD Member=Component J? M20-7821642
Added Member To Class: ClassName=SchematicAPD Member=Component R? Res1
Added Member To Class: ClassName=SchematicAPD Member=Component R? RPot
