Added Pin To Net: NetName=NetIC3_1 Pin=IC3-1
Added Pin To Net: NetName=NetIC3_1 Pin=J2-1
Added Net: Name=NetIC3_1
Added Pin To Net: NetName=NetIC3_2 Pin=IC3-2
Added Pin To Net: NetName=NetIC3_2 Pin=J2-2
Added Net: Name=NetIC3_2
Added Pin To Net: NetName=NetIC3_3 Pin=IC3-3
Added Pin To Net: NetName=NetIC3_3 Pin=J2-3
Added Net: Name=NetIC3_3
Added Pin To Net: NetName=NetIC3_4 Pin=IC3-4
Added Pin To Net: NetName=NetIC3_4 Pin=J2-4
Added Net: Name=NetIC3_4
Added Pin To Net: NetName=NetIC3_5 Pin=IC3-5
Added Pin To Net: NetName=NetIC3_5 Pin=J2-5
Added Net: Name=NetIC3_5
Added Pin To Net: NetName=NetIC3_6 Pin=IC3-6
Added Pin To Net: NetName=NetIC3_6 Pin=J2-6
Added Net: Name=NetIC3_6
Added Pin To Net: NetName=NetIC3_7 Pin=IC3-7
Added Pin To Net: NetName=NetIC3_7 Pin=J2-7
Added Net: Name=NetIC3_7
Added Pin To Net: NetName=NetIC3_8 Pin=IC3-8
Added Pin To Net: NetName=NetIC3_8 Pin=IC3-19
Added Pin To Net: NetName=NetIC3_8 Pin=J2-8
Added Pin To Net: NetName=NetIC3_8 Pin=J3-10
Added Net: Name=NetIC3_8
Added Pin To Net: NetName=NetIC3_9 Pin=IC3-9
Added Pin To Net: NetName=NetIC3_9 Pin=J2-9
Added Net: Name=NetIC3_9
Added Pin To Net: NetName=NetIC3_10 Pin=IC3-10
Added Pin To Net: NetName=NetIC3_10 Pin=J2-10
Added Net: Name=NetIC3_10
Added Pin To Net: NetName=NetIC3_11 Pin=IC3-11
Added Pin To Net: NetName=NetIC3_11 Pin=J2-11
Added Net: Name=NetIC3_11
Added Pin To Net: NetName=NetIC3_12 Pin=IC3-12
Added Pin To Net: NetName=NetIC3_12 Pin=J2-12
Added Net: Name=NetIC3_12
Added Pin To Net: NetName=NetIC3_13 Pin=IC3-13
Added Pin To Net: NetName=NetIC3_13 Pin=J2-13
Added Net: Name=NetIC3_13
Added Pin To Net: NetName=NetIC3_14 Pin=IC3-14
Added Pin To Net: NetName=NetIC3_14 Pin=J2-14
Added Net: Name=NetIC3_14
Added Pin To Net: NetName=NetIC3_15 Pin=IC3-15
Added Pin To Net: NetName=NetIC3_15 Pin=J3-14
Added Net: Name=NetIC3_15
Added Pin To Net: NetName=NetIC3_16 Pin=IC3-16
Added Pin To Net: NetName=NetIC3_16 Pin=J3-13
Added Net: Name=NetIC3_16
Added Pin To Net: NetName=NetIC3_17 Pin=IC3-17
Added Pin To Net: NetName=NetIC3_17 Pin=J3-12
Added Net: Name=NetIC3_17
Added Pin To Net: NetName=NetIC3_18 Pin=IC3-18
Added Pin To Net: NetName=NetIC3_18 Pin=J3-11
Added Net: Name=NetIC3_18
Added Pin To Net: NetName=NetIC3_20 Pin=IC3-20
Added Pin To Net: NetName=NetIC3_20 Pin=J3-9
Added Net: Name=NetIC3_20
Added Pin To Net: NetName=NetIC3_21 Pin=IC3-21
Added Pin To Net: NetName=NetIC3_21 Pin=J3-8
Added Net: Name=NetIC3_21
Added Pin To Net: NetName=NetIC3_22 Pin=IC3-22
Added Pin To Net: NetName=NetIC3_22 Pin=J3-7
Added Net: Name=NetIC3_22
Added Pin To Net: NetName=NetIC3_23 Pin=IC3-23
Added Pin To Net: NetName=NetIC3_23 Pin=J3-6
Added Net: Name=NetIC3_23
Added Pin To Net: NetName=NetIC3_24 Pin=IC3-24
Added Pin To Net: NetName=NetIC3_24 Pin=J3-5
Added Net: Name=NetIC3_24
Added Pin To Net: NetName=NetIC3_25 Pin=IC3-25
Added Pin To Net: NetName=NetIC3_25 Pin=J3-4
Added Net: Name=NetIC3_25
Added Pin To Net: NetName=NetIC3_26 Pin=IC3-26
Added Pin To Net: NetName=NetIC3_26 Pin=J3-3
Added Net: Name=NetIC3_26
Added Pin To Net: NetName=NetIC3_27 Pin=IC3-27
Added Pin To Net: NetName=NetIC3_27 Pin=J3-2
Added Net: Name=NetIC3_27
Added Pin To Net: NetName=NetIC3_28 Pin=IC3-28
Added Pin To Net: NetName=NetIC3_28 Pin=J3-1
Added Net: Name=NetIC3_28
Added Member To Class: ClassName=PIC Member=Component IC3 PIC16F1518-I_SP
Added Member To Class: ClassName=LCD Member=Component IC4 PCF8574AT_3,512
