Removed Member From Class: ClassName=PIC Member=IC?
Removed Member From Class: ClassName=Power Member=IC?
Change Component Designator: OldDesignator=C? NewDesignator=C1
Change Component Designator: OldDesignator=C? NewDesignator=C2
Change Component Designator: OldDesignator=C? NewDesignator=C3
Change Component Designator: OldDesignator=C? NewDesignator=C4
Change Component Designator: OldDesignator=C? NewDesignator=C5
Change Component Designator: OldDesignator=C? NewDesignator=C6
Change Component Designator: OldDesignator=IC? NewDesignator=IC1
Change Component Designator: OldDesignator=IC? NewDesignator=IC2
Change Component Designator: OldDesignator=IC? NewDesignator=IC3
Change Component Designator: OldDesignator=IC? NewDesignator=IC4
Change Component Designator: OldDesignator=J? NewDesignator=J1
Change Component Designator: OldDesignator=J? NewDesignator=J2
Change Component Designator: OldDesignator=J? NewDesignator=J3
Change Component Designator: OldDesignator=J? NewDesignator=J4
Change Component Designator: OldDesignator=J? NewDesignator=J5
Change Component Designator: OldDesignator=J? NewDesignator=J6
Change Component Designator: OldDesignator=R? NewDesignator=R1
Change Component Designator: OldDesignator=R? NewDesignator=R2
Change Net Name : Old Net Name=NetC?_2 New Net Name=NetC5_2
Change Net Name : Old Net Name=NetIC?_4 New Net Name=NetIC4_4
Change Net Name : Old Net Name=NetIC?_5 New Net Name=NetIC4_5
Change Net Name : Old Net Name=NetIC?_6 New Net Name=NetIC4_6
Change Net Name : Old Net Name=NetIC?_9 New Net Name=NetIC4_9
Change Net Name : Old Net Name=NetIC?_10 New Net Name=NetIC4_10
Change Net Name : Old Net Name=NetIC?_11 New Net Name=NetIC4_11
Change Net Name : Old Net Name=NetIC?_12 New Net Name=NetIC4_12
Change Net Name : Old Net Name=NetIC?_14 New Net Name=NetIC4_14
Change Net Name : Old Net Name=NetIC?_15 New Net Name=NetIC4_15
Change Net Name : Old Net Name=NetJ?_2 New Net Name=NetJ1_2
Change Net Name : Old Net Name=NetJ?_3 New Net Name=NetJ1_3
Change Net Name : Old Net Name=NetJ?_7 New Net Name=NetJ5_7
Change Net Name : Old Net Name=NetJ?_14 New Net Name=NetJ6_14
Added Pin To Net: NetName=NetC2_2 Pin=C2-2
Added Pin To Net: NetName=NetC2_2 Pin=IC1-3
Added Net: Name=NetC2_2
Added Pin To Net: NetName=NetJ6_2 Pin=J6-2
Added Pin To Net: NetName=NetJ6_2 Pin=R1-2
Added Net: Name=NetJ6_2
Added Member To Class: ClassName=Power Member=Component C1 Cap
Added Member To Class: ClassName=Power Member=Component C2 Cap
Added Member To Class: ClassName=Power Member=Component C3 Cap
Added Member To Class: ClassName=Power Member=Component C4 Cap
Added Member To Class: ClassName=Power Member=Component C6 Cap
Added Member To Class: ClassName=Power Member=Component IC1 REG103UA-3.3/2K5
Added Member To Class: ClassName=Power Member=Component IC2 REG103UA-5/2K5
Added Member To Class: ClassName=PIC Member=Component IC3 PIC16F1518-I_SP
Added Member To Class: ClassName=Power Member=Component J1 USB-B
Added Member To Class: ClassName=PIC Member=Component J2 SSW-114-01-G-S
Added Member To Class: ClassName=PIC Member=Component J3 SSW-114-01-G-S
Added Member To Class: ClassName=Temp&Data Member=Component J4 DS1621 TEMP
Added Member To Class: ClassName=Temp&Data Member=Component J5 24LC256 MEM
Added Member To Class: ClassName=LCD Member=Component J6 M20-7821642
Added Member To Class: ClassName=LCD Member=Component R2 RPot
